app/build/intermediates/manifest_merge_blame_file/release/manifest-merger-blame-release-report.txt
1<?xml version="1.0" encoding="utf-8"?>
2<manifest xmlns:android="http://schemas.android.com/apk/res/android"
3    package="com.ryanada.bibiliatakatifu"
4    android:versionCode="1"
5    android:versionName="1.0" >
6
7    <uses-sdk
8        android:minSdkVersion="19"
8-->src/main/AndroidManifest.xml
9        android:targetSdkVersion="29" />
9-->src/main/AndroidManifest.xml
10
11    <uses-permission android:name="android.permission.INTERNET" />
11-->src/main/AndroidManifest.xml:5:5-67
11-->src/main/AndroidManifest.xml:5:22-64
12
13    <application
13-->src/main/AndroidManifest.xml:7:5-31:19
14        android:allowBackup="true"
14-->src/main/AndroidManifest.xml:8:9-35
15        android:appComponentFactory="androidx.core.app.CoreComponentFactory"
15-->[androidx.core:core:1.1.0-beta01] AndroidManifest.xml:22:18-86
16        android:icon="@mipmap/ic_launcher"
16-->src/main/AndroidManifest.xml:9:9-43
17        android:label="@string/app_name"
17-->src/main/AndroidManifest.xml:10:9-41
18        android:roundIcon="@mipmap/ic_launcher_round"
18-->src/main/AndroidManifest.xml:11:9-54
19        android:supportsRtl="true"
19-->src/main/AndroidManifest.xml:12:9-35
20        android:theme="@style/AppTheme" >
20-->src/main/AndroidManifest.xml:13:9-40
21        <activity
21-->src/main/AndroidManifest.xml:16:9-24:20
22            android:name="io.muth0mi.bibilia.books.ActivityBooks"
22-->src/main/AndroidManifest.xml:17:13-48
23            android:theme="@style/AppTheme" >
23-->src/main/AndroidManifest.xml:18:13-44
24            <intent-filter>
24-->src/main/AndroidManifest.xml:19:13-23:29
25                <action android:name="android.intent.action.MAIN" />
25-->src/main/AndroidManifest.xml:20:17-69
25-->src/main/AndroidManifest.xml:20:25-66
26
27                <category android:name="android.intent.category.LAUNCHER" />
27-->src/main/AndroidManifest.xml:22:17-77
27-->src/main/AndroidManifest.xml:22:27-74
28            </intent-filter>
29        </activity>
30        <activity
30-->src/main/AndroidManifest.xml:27:9-30:47
31            android:name="io.muth0mi.bibilia.verses.ActivityVerses"
31-->src/main/AndroidManifest.xml:28:13-50
32            android:parentActivityName="io.muth0mi.bibilia.books.ActivityBooks"
32-->src/main/AndroidManifest.xml:29:13-62
33            android:theme="@style/AppTheme" />
33-->src/main/AndroidManifest.xml:30:13-44
34
35        <provider
35-->[androidx.lifecycle:lifecycle-process:2.0.0] AndroidManifest.xml:23:9-27:43
36            android:name="androidx.lifecycle.ProcessLifecycleOwnerInitializer"
36-->[androidx.lifecycle:lifecycle-process:2.0.0] AndroidManifest.xml:24:13-79
37            android:authorities="com.ryanada.bibiliatakatifu.lifecycle-process"
37-->[androidx.lifecycle:lifecycle-process:2.0.0] AndroidManifest.xml:25:13-69
38            android:exported="false"
38-->[androidx.lifecycle:lifecycle-process:2.0.0] AndroidManifest.xml:26:13-37
39            android:multiprocess="true" />
39-->[androidx.lifecycle:lifecycle-process:2.0.0] AndroidManifest.xml:27:13-40
40    </application>
41
42</manifest>